<?xml version="1.0" encoding="UTF-8"?>
<!-- Generated by org.testng.reporters.JUnitReportReporter -->
<testsuite hostname="MSI" failures="0" tests="1" name="testCases.TC_001_Shopify" time="0.399" errors="0" timestamp="2023-07-16T19:49:50 IST" skipped="0">
  <testcase classname="testCases.TC_001_Shopify" name="test_account_Registration" time="0.399"/>
  <system-out/>
</testsuite> <!-- testCases.TC_001_Shopify -->
