<?xml version="1.0" encoding="UTF-8"?>
<!-- Generated by org.testng.reporters.JUnitReportReporter -->
<testsuite hostname="MSI" failures="0" tests="1" name="testCases.TC_005_PwdChange" time="2.127" errors="0" timestamp="2023-06-26T21:40:26 IST" skipped="0">
  <testcase classname="testCases.TC_005_PwdChange" name="test_EditPersonalDetailsDDT" time="2.127"/>
  <system-out/>
</testsuite> <!-- testCases.TC_005_PwdChange -->
