<?xml version="1.0" encoding="UTF-8"?>
<!-- Generated by org.testng.reporters.JUnitReportReporter -->
<testsuite hostname="MSI" failures="0" tests="1" name="testCases.TC_003_Blogs" time="0.518" errors="0" timestamp="2023-07-18T15:57:58 IST" skipped="0">
  <testcase classname="testCases.TC_003_Blogs" name="test_Blogs" time="0.518"/>
  <system-out/>
</testsuite> <!-- testCases.TC_003_Blogs -->
