<?xml version="1.0" encoding="UTF-8"?>
<!-- Generated by org.testng.reporters.JUnitReportReporter -->
<testsuite hostname="MSI" failures="0" tests="1" name="testCases.TC_004_Careers" time="0.558" errors="0" timestamp="2023-07-18T15:57:58 IST" skipped="0">
  <testcase classname="testCases.TC_004_Careers" name="test_Careers" time="0.558"/>
  <system-out/>
</testsuite> <!-- testCases.TC_004_Careers -->
