<?xml version="1.0" encoding="UTF-8"?>
<!-- Generated by org.testng.reporters.JUnitReportReporter -->
<testsuite hostname="MSI" failures="0" tests="1" name="testCases.TC_001_2_Blockchain_Dev" time="0.940" errors="0" timestamp="2023-07-18T19:14:23 IST" skipped="0">
  <testcase classname="testCases.TC_001_2_Blockchain_Dev" name="test_Blockchain_Dev" time="0.940"/>
  <system-out/>
</testsuite> <!-- testCases.TC_001_2_Blockchain_Dev -->
