<?xml version="1.0" encoding="UTF-8"?>
<!-- Generated by org.testng.reporters.JUnitReportReporter -->
<testsuite hostname="MSI" failures="0" tests="1" name="testCases.TC_004_EditPersonalDetailsDDT" time="2.951" errors="0" timestamp="2023-06-21T18:21:55 IST" skipped="0">
  <testcase classname="testCases.TC_004_EditPersonalDetailsDDT" name="test_EditPersonalDetailsDDT" time="2.951"/>
  <system-out/>
</testsuite> <!-- testCases.TC_004_EditPersonalDetailsDDT -->
