<?xml version="1.0" encoding="UTF-8"?>
<!-- Generated by org.testng.reporters.JUnitReportReporter -->
<testsuite hostname="MSI" failures="0" tests="1" name="testCases.TC_001_Services" time="0.188" errors="0" timestamp="2023-07-18T19:17:19 IST" skipped="0">
  <testcase classname="testCases.TC_001_Services" name="test_account_Registration" time="0.188"/>
  <system-out/>
</testsuite> <!-- testCases.TC_001_Services -->
