<?xml version="1.0" encoding="UTF-8"?>
<!-- Generated by org.testng.reporters.JUnitReportReporter -->
<testsuite hostname="MSI" failures="0" tests="1" name="testCases.TC_001_1_Wordpress_development" time="1.565" errors="0" timestamp="2023-07-18T19:17:19 IST" skipped="0">
  <testcase classname="testCases.TC_001_1_Wordpress_development" name="test_Wordpress_development" time="1.565"/>
  <system-out/>
</testsuite> <!-- testCases.TC_001_1_Wordpress_development -->
