<?xml version="1.0" encoding="UTF-8"?>
<!-- Generated by org.testng.reporters.JUnitReportReporter -->
<testsuite hostname="MSI" failures="0" tests="1" name="testCases.TC_006_About_us" time="0.748" errors="0" timestamp="2023-07-18T19:17:19 IST" skipped="0">
  <testcase classname="testCases.TC_006_About_us" name="test_About_us" time="0.748"/>
  <system-out/>
</testsuite> <!-- testCases.TC_006_About_us -->
